#
# A fatal error has been detected by the Java Runtime Environment:
#
#  EXCEPTION_ACCESS_VIOLATION (0xc0000005) at pc=0x00007ffdf7dcbec3, pid=10052, tid=128
#
# JRE version: OpenJDK Runtime Environment (17.0.6) (build 17.0.6+0-b2043.56-10027231)
# Java VM: OpenJDK 64-Bit Server VM (17.0.6+0-b2043.56-10027231, mixed mode, tiered, compressed oops, compressed class ptrs, g1 gc, windows-amd64)
# Problematic frame:
# V  [jvm.dll+0x38bec3]
#
# No core dump will be written. Minidumps are not enabled by default on client versions of Windows
#
# If you would like to submit a bug report, please visit:
#   https://bugreport.java.com/bugreport/crash.jsp
#

---------------  S U M M A R Y ------------

Command Line: --add-opens=java.base/java.util=ALL-UNNAMED --add-opens=java.base/java.lang=ALL-UNNAMED --add-opens=java.base/java.lang.invoke=ALL-UNNAMED --add-opens=java.prefs/java.util.prefs=ALL-UNNAMED --add-opens=java.base/java.nio.charset=ALL-UNNAMED --add-opens=java.base/java.net=ALL-UNNAMED --add-opens=java.base/java.util.concurrent.atomic=ALL-UNNAMED -Xmx2048m -Dfile.encoding=UTF-8 -Duser.country=BR -Duser.language=pt -Duser.variant org.gradle.launcher.daemon.bootstrap.GradleDaemon 8.0

Host: Intel(R) Pentium(R) Gold G5400 CPU @ 3.70GHz, 4 cores, 7G,  Windows 10 , 64 bit Build 19041 (10.0.19041.4957)
Time: Wed Oct 16 18:22:38 2024 Hora oficial do Brasil elapsed time: 2597.754131 seconds (0d 0h 43m 17s)

---------------  T H R E A D  ---------------

Current thread (0x000002c843e3f8f0):  JavaThread "WorkerExecutor Queue Thread 4" [_thread_in_vm, id=128, stack(0x000000f1ccc00000,0x000000f1ccd00000)]

Stack: [0x000000f1ccc00000,0x000000f1ccd00000],  sp=0x000000f1cccfa280,  free space=1000k
Native frames: (J=compiled Java code, j=interpreted, Vv=VM code, C=native code)
V  [jvm.dll+0x38bec3]
V  [jvm.dll+0x683bc2]
V  [jvm.dll+0x38cb1b]
V  [jvm.dll+0x38cce8]
V  [jvm.dll+0x7bc94a]
V  [jvm.dll+0x7bdc12]
V  [jvm.dll+0x7bdf48]
V  [jvm.dll+0x82c9ee]
V  [jvm.dll+0x82c40a]
V  [jvm.dll+0x82e838]
V  [jvm.dll+0x836d3c]
V  [jvm.dll+0x82ff3c]
V  [jvm.dll+0x375309]
V  [jvm.dll+0x3744a2]
V  [jvm.dll+0x374448]
V  [jvm.dll+0x569f95]
V  [jvm.dll+0x568e54]
V  [jvm.dll+0x3883a4]
